build/app/outputs/mapping/release/usage.txt
com.example.coinfav.R$drawable
com.example.coinfav.R$color
com.example.coinfav.BuildConfig
com.example.coinfav.R$string
com.example.coinfav.R$styleable
com.example.coinfav.R$style
com.example.coinfav.R$dimen
com.example.coinfav.R$attr
com.example.coinfav.R$integer
com.example.coinfav.R
com.example.coinfav.R$id
com.example.coinfav.R$layout
com.example.coinfav.R$mipmap
...
androidx.core.content.res.FontResourcesParserCompat$FontFileResourceEntry
androidx.core.view.NestedScrollingParent3
androidx.core.provider.SelfDestructiveThread$1
io.flutter.embedding.engine.dart.DartExecutor$DartCallback
kotlin.jvm.internal.markers.KMutableListIterator
com.google.common.io.FileBackedOutputStream$MemoryOutput
kotlin.coroutines.experimental.migration.CoroutinesMigrationKt
com.google.common.util.concurrent.Callables
com.google.common.collect.Sets$PowerSet
kotlin.ParameterName
com.google.common.collect.StandardTable$RowMap$EntrySet
io.flutter.embedding.engine.FlutterEngineCache:
    public boolean contains(java.lang.String)
    public void clear()
kotlin.collections.CollectionsKt__IteratorsJVMKt$iterator$1
androidx.core.view.ViewParentCompat
kotlin.contracts.ContractBuilder$DefaultImpls
com.google.common.collect.Synchronized$SynchronizedAsMapEntries$1$1
androidx.activity.R$styleable
kotlin.jvm.functions.Function4
com.google.common.collect.ArrayTable$2
androidx.core.widget.PopupWindowCompat
androidx.fragment.app.FragmentTransitionImpl$1
io.flutter.app.FlutterActivityDelegate
androidx.core.content.pm.PermissionInfoCompat
com.google.common.graph.AbstractGraph
com.google.common.graph.Graphs$NodeVisitState
kotlin.io.SerializableKt
androidx.core.view.ViewCompat$ScrollIndicators
io.flutter.embedding.android.SplashScreenProvider
androidx.core.view.NestedScrollingParentHelper
com.google.common.cache.RemovalListener
kotlin.jvm.internal.ByteSpreadBuilder
com.google.common.collect.MapMakerInternalMap$StrongKeyStrongValueSegment
com.google.common.escape.Escaper$1
androidx.core.view.accessibility.AccessibilityWindowInfoCompat
com.google.common.collect.ImmutableTable$SerializedForm
androidx.core.location.LocationManagerCompat
com.google.common.collect.Tables
com.google.common.base.Function
kotlin.text.Typography
io.flutter.embedding.android.FlutterActivity$CachedEngineIntentBuilder
kotlin.ULongArray
androidx.core.provider.FontsContractCompat$4$6
androidx.activity.R$color
com.google.common.base.CharMatcher$NegatedFastMatcher
com.google.common.collect.DenseImmutableTable$RowMap
io.flutter.plugin.common.FlutterException:
    private static final java.lang.String TAG
com.google.common.collect.TreeBasedTable
com.google.common.base.Converter$ConverterComposition
com.google.common.base.FinalizableReferenceQueue
com.google.common.cache.LocalCache$EntryFactory$2
com.google.common.util.concurrent.AbstractTransformFuture$AsyncTransformFuture
com.google.common.graph.ValueGraph
kotlin.jvm.functions.Function20
androidx.lifecycle.ViewModel
androidx.annotation.RequiresApi
com.google.common.io.BaseEncoding
kotlin.jvm.internal.LocalVariableReference
androidx.core.app.NotificationCompat$DecoratedCustomViewStyle
com.google.common.util.concurrent.AsyncCallable
com.google.common.collect.CollectPreconditions
androidx.viewpager.R$color
kotlin.internal.AccessibleLateinitPropertyLiteral
kotlin.jvm.internal.ShortSpreadBuilder
com.google.common.hash.Hashing$ChecksumType$2
androidx.core.view.ViewCompat$2
com.google.common.collect.MapMakerInternalMap$EntrySet
com.google.common.collect.MultimapBuilder$4
androidx.loader.content.ModernAsyncTask$AsyncTaskResult
io.flutter.embedding.engine.deferredcomponents.PlayStoreDeferredComponentManager$FeatureInstallStateUpdatedListener
com.google.common.util.concurrent.WrappingExecutorService$1
kotlin.collections.AbstractMap$keys$1$iterator$1
kotlin.jvm.internal.BooleanCompanionObject
io.flutter.embedding.engine.systemchannels.SystemChannel:
    private static final java.lang.String TAG
com.google.common.collect.Comparators
com.google.common.collect.ImmutableSet$SerializedForm
androidx.lifecycle.Lifecycling$1:
    void <init>(androidx.lifecycle.LifecycleEventObserver)
com.google.common.collect.Synchronized$SynchronizedQueue
androidx.fragment.app.FragmentViewLifecycleOwner
com.google.common.collect.ImmutableList$ReverseImmutableList
kotlin.sequences.SequencesKt__SequencesKt$generateSequence$2